<?xml version="1.0" encoding="UTF-8"?>
<!-- Generated by org.testng.reporters.JUnitReportReporter -->
<testsuite skipped="0" hostname="ATMECSINLT-220" name="com.automate.flight.registertest.RegisterTest" tests="1" failures="0" timestamp="24 Jan 2019 10:41:36 GMT" time="15.589" errors="0">
  <testcase name="enterValues" time="15.589" classname="com.automate.flight.registertest.RegisterTest"/>
</testsuite> <!-- com.automate.flight.registertest.RegisterTest -->
